<?xml version="1.0" encoding="UTF-8"?>
<!-- Generated by org.testng.reporters.JUnitReportReporter -->
<testsuite hostname="QSP" failures="0" tests="1" name="testcripts.Test3" time="0.027" errors="0" timestamp="2021-11-20T07:12:32 IST" skipped="0">
  <testcase classname="testcripts.Test3" name="tc4" time="0.027"/>
</testsuite> <!-- testcripts.Test3 -->
