<?xml version="1.0" encoding="UTF-8"?>
<!-- Generated by org.testng.reporters.JUnitReportReporter -->
<testsuite hostname="QSP" failures="0" tests="1" name="testcripts.Test1" time="0.004" errors="0" timestamp="2021-11-20T07:12:32 IST" skipped="0">
  <testcase classname="testcripts.Test1" name="tc2" time="0.004"/>
</testsuite> <!-- testcripts.Test1 -->
