<?xml version="1.0" encoding="UTF-8"?>
<!-- Generated by org.testng.reporters.JUnitReportReporter -->
<testsuite hostname="QSP" failures="0" tests="1" name="testcripts.Test2" time="0.005" errors="0" timestamp="2021-11-20T07:12:32 IST" skipped="0">
  <testcase classname="testcripts.Test2" name="tc3" time="0.005"/>
</testsuite> <!-- testcripts.Test2 -->
